[4.590s] [34mcolcon[0m [30mDEBUG[0m [32mCommand line arguments: ['C:\\Users\\laiy\\AppData\\Roaming\\MathWorks\\MATLAB\\R2020a\\ros2\\python_venv\\Scripts\\colcon', 'build', '--merge-install'][0m
[4.591s] [34mcolcon[0m [30mDEBUG[0m [32mParsed command line arguments: Namespace(ament_cmake_args=None, base_paths='.', build_base='build', catkin_cmake_args=None, catkin_skip_building_tests=False, cmake_args=None, cmake_clean_cache=False, cmake_clean_first=False, cmake_force_configure=False, cmake_target=None, cmake_target_skip_unavailable=False, continue_on_error=False, event_handlers=None, executor='parallel', ignore_user_meta=False, install_base='install', log_base='log', log_level=None, main=<bound method BuildVerb.main of <colcon_core.verb.build.BuildVerb object at 0x000001EBBED31388>>, merge_install=True, metas='./colcon.meta', packages_above=None, packages_above_depth=None, packages_end=None, packages_ignore=None, packages_ignore_regex=None, packages_select=None, packages_select_build_failed=False, packages_select_by_dep=None, packages_select_regex=None, packages_select_test_failures=False, packages_skip=None, packages_skip_build_finished=False, packages_skip_by_dep=None, packages_skip_regex=None, packages_skip_test_passed=False, packages_skip_up_to=None, packages_start=None, packages_up_to=None, parallel_workers=8, paths=None, symlink_install=False, test_result_base=None, verb_extension=<colcon_core.verb.build.BuildVerb object at 0x000001EBBED31388>, verb_name='build', verb_parser=<colcon_defaults.argument_parser.defaults.DefaultArgumentsDecorator object at 0x000001EBBED318C8>)[0m
[5.164s] [34mcolcon.colcon_core.package_discovery[0m [30mLevel 1[0m discover_packages(colcon_meta) check parameters
[5.164s] [34mcolcon.colcon_core.package_discovery[0m [30mLevel 1[0m discover_packages(recursive) check parameters
[5.164s] [34mcolcon.colcon_core.package_discovery[0m [30mLevel 1[0m discover_packages(ignore) check parameters
[5.164s] [34mcolcon.colcon_core.package_discovery[0m [30mLevel 1[0m discover_packages(path) check parameters
[5.180s] [34mcolcon.colcon_core.package_discovery[0m [30mLevel 1[0m discover_packages(recursive) discover
[5.180s] [34mcolcon.colcon_core.package_discovery[0m [30mINFO[0m Crawling recursively for packages in 'C:\Users\laiy\Desktop\lili\repo\Speed-Sep-Monitoring\src\messages\matlab_msg_gen\win64'
[5.180s] [34mcolcon.colcon_core.package_identification[0m [30mLevel 1[0m _identify(C:\Users\laiy\Desktop\lili\repo\Speed-Sep-Monitoring\src\messages\matlab_msg_gen\win64) by extensions ['ignore', 'ignore_ament_install']
[5.180s] [34mcolcon.colcon_core.package_identification[0m [30mLevel 1[0m _identify(C:\Users\laiy\Desktop\lili\repo\Speed-Sep-Monitoring\src\messages\matlab_msg_gen\win64) by extension 'ignore'
[5.180s] [34mcolcon.colcon_core.package_identification[0m [30mLevel 1[0m _identify(C:\Users\laiy\Desktop\lili\repo\Speed-Sep-Monitoring\src\messages\matlab_msg_gen\win64) by extension 'ignore_ament_install'
[5.180s] [34mcolcon.colcon_core.package_identification[0m [30mLevel 1[0m _identify(C:\Users\laiy\Desktop\lili\repo\Speed-Sep-Monitoring\src\messages\matlab_msg_gen\win64) by extensions ['colcon_pkg']
[5.180s] [34mcolcon.colcon_core.package_identification[0m [30mLevel 1[0m _identify(C:\Users\laiy\Desktop\lili\repo\Speed-Sep-Monitoring\src\messages\matlab_msg_gen\win64) by extension 'colcon_pkg'
[5.180s] [34mcolcon.colcon_core.package_identification[0m [30mLevel 1[0m _identify(C:\Users\laiy\Desktop\lili\repo\Speed-Sep-Monitoring\src\messages\matlab_msg_gen\win64) by extensions ['colcon_meta']
[5.180s] [34mcolcon.colcon_core.package_identification[0m [30mLevel 1[0m _identify(C:\Users\laiy\Desktop\lili\repo\Speed-Sep-Monitoring\src\messages\matlab_msg_gen\win64) by extension 'colcon_meta'
[5.180s] [34mcolcon.colcon_core.package_identification[0m [30mLevel 1[0m _identify(C:\Users\laiy\Desktop\lili\repo\Speed-Sep-Monitoring\src\messages\matlab_msg_gen\win64) by extensions ['ros']
[5.180s] [34mcolcon.colcon_core.package_identification[0m [30mLevel 1[0m _identify(C:\Users\laiy\Desktop\lili\repo\Speed-Sep-Monitoring\src\messages\matlab_msg_gen\win64) by extension 'ros'
[5.289s] [34mcolcon.colcon_core.package_identification[0m [30mLevel 1[0m _identify(C:\Users\laiy\Desktop\lili\repo\Speed-Sep-Monitoring\src\messages\matlab_msg_gen\win64) by extensions ['cmake', 'python']
[5.289s] [34mcolcon.colcon_core.package_identification[0m [30mLevel 1[0m _identify(C:\Users\laiy\Desktop\lili\repo\Speed-Sep-Monitoring\src\messages\matlab_msg_gen\win64) by extension 'cmake'
[5.289s] [34mcolcon.colcon_core.package_identification[0m [30mLevel 1[0m _identify(C:\Users\laiy\Desktop\lili\repo\Speed-Sep-Monitoring\src\messages\matlab_msg_gen\win64) by extension 'python'
[5.305s] [34mcolcon.colcon_core.package_identification[0m [30mLevel 1[0m _identify(C:\Users\laiy\Desktop\lili\repo\Speed-Sep-Monitoring\src\messages\matlab_msg_gen\win64) by extensions ['python_setup_py']
[5.305s] [34mcolcon.colcon_core.package_identification[0m [30mLevel 1[0m _identify(C:\Users\laiy\Desktop\lili\repo\Speed-Sep-Monitoring\src\messages\matlab_msg_gen\win64) by extension 'python_setup_py'
[5.305s] [34mcolcon.colcon_core.package_identification[0m [30mLevel 1[0m _identify(C:\Users\laiy\Desktop\lili\repo\Speed-Sep-Monitoring\src\messages\matlab_msg_gen\win64\build) by extensions ['ignore', 'ignore_ament_install']
[5.305s] [34mcolcon.colcon_core.package_identification[0m [30mLevel 1[0m _identify(C:\Users\laiy\Desktop\lili\repo\Speed-Sep-Monitoring\src\messages\matlab_msg_gen\win64\build) by extension 'ignore'
[5.305s] [34mcolcon.colcon_core.package_identification[0m [30mLevel 1[0m _identify(C:\Users\laiy\Desktop\lili\repo\Speed-Sep-Monitoring\src\messages\matlab_msg_gen\win64\build) ignored
[5.305s] [34mcolcon.colcon_core.package_identification[0m [30mLevel 1[0m _identify(C:\Users\laiy\Desktop\lili\repo\Speed-Sep-Monitoring\src\messages\matlab_msg_gen\win64\install) by extensions ['ignore', 'ignore_ament_install']
[5.305s] [34mcolcon.colcon_core.package_identification[0m [30mLevel 1[0m _identify(C:\Users\laiy\Desktop\lili\repo\Speed-Sep-Monitoring\src\messages\matlab_msg_gen\win64\install) by extension 'ignore'
[5.305s] [34mcolcon.colcon_core.package_identification[0m [30mLevel 1[0m _identify(C:\Users\laiy\Desktop\lili\repo\Speed-Sep-Monitoring\src\messages\matlab_msg_gen\win64\install) ignored
[5.305s] [34mcolcon.colcon_core.package_identification[0m [30mLevel 1[0m _identify(C:\Users\laiy\Desktop\lili\repo\Speed-Sep-Monitoring\src\messages\matlab_msg_gen\win64\log) by extensions ['ignore', 'ignore_ament_install']
[5.305s] [34mcolcon.colcon_core.package_identification[0m [30mLevel 1[0m _identify(C:\Users\laiy\Desktop\lili\repo\Speed-Sep-Monitoring\src\messages\matlab_msg_gen\win64\log) by extension 'ignore'
[5.305s] [34mcolcon.colcon_core.package_identification[0m [30mLevel 1[0m _identify(C:\Users\laiy\Desktop\lili\repo\Speed-Sep-Monitoring\src\messages\matlab_msg_gen\win64\log) ignored
[5.305s] [34mcolcon.colcon_core.package_identification[0m [30mLevel 1[0m _identify(C:\Users\laiy\Desktop\lili\repo\Speed-Sep-Monitoring\src\messages\matlab_msg_gen\win64\src) by extensions ['ignore', 'ignore_ament_install']
[5.305s] [34mcolcon.colcon_core.package_identification[0m [30mLevel 1[0m _identify(C:\Users\laiy\Desktop\lili\repo\Speed-Sep-Monitoring\src\messages\matlab_msg_gen\win64\src) by extension 'ignore'
[5.305s] [34mcolcon.colcon_core.package_identification[0m [30mLevel 1[0m _identify(C:\Users\laiy\Desktop\lili\repo\Speed-Sep-Monitoring\src\messages\matlab_msg_gen\win64\src) by extension 'ignore_ament_install'
[5.321s] [34mcolcon.colcon_core.package_identification[0m [30mLevel 1[0m _identify(C:\Users\laiy\Desktop\lili\repo\Speed-Sep-Monitoring\src\messages\matlab_msg_gen\win64\src) by extensions ['colcon_pkg']
[5.321s] [34mcolcon.colcon_core.package_identification[0m [30mLevel 1[0m _identify(C:\Users\laiy\Desktop\lili\repo\Speed-Sep-Monitoring\src\messages\matlab_msg_gen\win64\src) by extension 'colcon_pkg'
[5.321s] [34mcolcon.colcon_core.package_identification[0m [30mLevel 1[0m _identify(C:\Users\laiy\Desktop\lili\repo\Speed-Sep-Monitoring\src\messages\matlab_msg_gen\win64\src) by extensions ['colcon_meta']
[5.321s] [34mcolcon.colcon_core.package_identification[0m [30mLevel 1[0m _identify(C:\Users\laiy\Desktop\lili\repo\Speed-Sep-Monitoring\src\messages\matlab_msg_gen\win64\src) by extension 'colcon_meta'
[5.321s] [34mcolcon.colcon_core.package_identification[0m [30mLevel 1[0m _identify(C:\Users\laiy\Desktop\lili\repo\Speed-Sep-Monitoring\src\messages\matlab_msg_gen\win64\src) by extensions ['ros']
[5.321s] [34mcolcon.colcon_core.package_identification[0m [30mLevel 1[0m _identify(C:\Users\laiy\Desktop\lili\repo\Speed-Sep-Monitoring\src\messages\matlab_msg_gen\win64\src) by extension 'ros'
[5.321s] [34mcolcon.colcon_core.package_identification[0m [30mLevel 1[0m _identify(C:\Users\laiy\Desktop\lili\repo\Speed-Sep-Monitoring\src\messages\matlab_msg_gen\win64\src) by extensions ['cmake', 'python']
[5.321s] [34mcolcon.colcon_core.package_identification[0m [30mLevel 1[0m _identify(C:\Users\laiy\Desktop\lili\repo\Speed-Sep-Monitoring\src\messages\matlab_msg_gen\win64\src) by extension 'cmake'
[5.321s] [34mcolcon.colcon_core.package_identification[0m [30mLevel 1[0m _identify(C:\Users\laiy\Desktop\lili\repo\Speed-Sep-Monitoring\src\messages\matlab_msg_gen\win64\src) by extension 'python'
[5.321s] [34mcolcon.colcon_core.package_identification[0m [30mLevel 1[0m _identify(C:\Users\laiy\Desktop\lili\repo\Speed-Sep-Monitoring\src\messages\matlab_msg_gen\win64\src) by extensions ['python_setup_py']
[5.321s] [34mcolcon.colcon_core.package_identification[0m [30mLevel 1[0m _identify(C:\Users\laiy\Desktop\lili\repo\Speed-Sep-Monitoring\src\messages\matlab_msg_gen\win64\src) by extension 'python_setup_py'
[5.321s] [34mcolcon.colcon_core.package_identification[0m [30mLevel 1[0m _identify(C:\Users\laiy\Desktop\lili\repo\Speed-Sep-Monitoring\src\messages\matlab_msg_gen\win64\src\object_analytics_msgs) by extensions ['ignore', 'ignore_ament_install']
[5.321s] [34mcolcon.colcon_core.package_identification[0m [30mLevel 1[0m _identify(C:\Users\laiy\Desktop\lili\repo\Speed-Sep-Monitoring\src\messages\matlab_msg_gen\win64\src\object_analytics_msgs) by extension 'ignore'
[5.321s] [34mcolcon.colcon_core.package_identification[0m [30mLevel 1[0m _identify(C:\Users\laiy\Desktop\lili\repo\Speed-Sep-Monitoring\src\messages\matlab_msg_gen\win64\src\object_analytics_msgs) by extension 'ignore_ament_install'
[5.321s] [34mcolcon.colcon_core.package_identification[0m [30mLevel 1[0m _identify(C:\Users\laiy\Desktop\lili\repo\Speed-Sep-Monitoring\src\messages\matlab_msg_gen\win64\src\object_analytics_msgs) by extensions ['colcon_pkg']
[5.321s] [34mcolcon.colcon_core.package_identification[0m [30mLevel 1[0m _identify(C:\Users\laiy\Desktop\lili\repo\Speed-Sep-Monitoring\src\messages\matlab_msg_gen\win64\src\object_analytics_msgs) by extension 'colcon_pkg'
[5.321s] [34mcolcon.colcon_core.package_identification[0m [30mLevel 1[0m _identify(C:\Users\laiy\Desktop\lili\repo\Speed-Sep-Monitoring\src\messages\matlab_msg_gen\win64\src\object_analytics_msgs) by extensions ['colcon_meta']
[5.336s] [34mcolcon.colcon_core.package_identification[0m [30mLevel 1[0m _identify(C:\Users\laiy\Desktop\lili\repo\Speed-Sep-Monitoring\src\messages\matlab_msg_gen\win64\src\object_analytics_msgs) by extension 'colcon_meta'
[5.336s] [34mcolcon.colcon_core.package_identification[0m [30mLevel 1[0m _identify(C:\Users\laiy\Desktop\lili\repo\Speed-Sep-Monitoring\src\messages\matlab_msg_gen\win64\src\object_analytics_msgs) by extensions ['ros']
[5.336s] [34mcolcon.colcon_core.package_identification[0m [30mLevel 1[0m _identify(C:\Users\laiy\Desktop\lili\repo\Speed-Sep-Monitoring\src\messages\matlab_msg_gen\win64\src\object_analytics_msgs) by extension 'ros'
[5.352s] [34mcolcon.colcon_core.package_identification[0m [30mDEBUG[0m [32mPackage 'C:\Users\laiy\Desktop\lili\repo\Speed-Sep-Monitoring\src\messages\matlab_msg_gen\win64\src\object_analytics_msgs' with type 'ros.ament_cmake' and name 'object_analytics_msgs'[0m
[5.368s] [34mcolcon.colcon_core.package_identification[0m [30mLevel 1[0m _identify(C:\Users\laiy\Desktop\lili\repo\Speed-Sep-Monitoring\src\messages\matlab_msg_gen\win64\src\object_msgs) by extensions ['ignore', 'ignore_ament_install']
[5.368s] [34mcolcon.colcon_core.package_identification[0m [30mLevel 1[0m _identify(C:\Users\laiy\Desktop\lili\repo\Speed-Sep-Monitoring\src\messages\matlab_msg_gen\win64\src\object_msgs) by extension 'ignore'
[5.368s] [34mcolcon.colcon_core.package_identification[0m [30mLevel 1[0m _identify(C:\Users\laiy\Desktop\lili\repo\Speed-Sep-Monitoring\src\messages\matlab_msg_gen\win64\src\object_msgs) by extension 'ignore_ament_install'
[5.368s] [34mcolcon.colcon_core.package_identification[0m [30mLevel 1[0m _identify(C:\Users\laiy\Desktop\lili\repo\Speed-Sep-Monitoring\src\messages\matlab_msg_gen\win64\src\object_msgs) by extensions ['colcon_pkg']
[5.368s] [34mcolcon.colcon_core.package_identification[0m [30mLevel 1[0m _identify(C:\Users\laiy\Desktop\lili\repo\Speed-Sep-Monitoring\src\messages\matlab_msg_gen\win64\src\object_msgs) by extension 'colcon_pkg'
[5.368s] [34mcolcon.colcon_core.package_identification[0m [30mLevel 1[0m _identify(C:\Users\laiy\Desktop\lili\repo\Speed-Sep-Monitoring\src\messages\matlab_msg_gen\win64\src\object_msgs) by extensions ['colcon_meta']
[5.368s] [34mcolcon.colcon_core.package_identification[0m [30mLevel 1[0m _identify(C:\Users\laiy\Desktop\lili\repo\Speed-Sep-Monitoring\src\messages\matlab_msg_gen\win64\src\object_msgs) by extension 'colcon_meta'
[5.368s] [34mcolcon.colcon_core.package_identification[0m [30mLevel 1[0m _identify(C:\Users\laiy\Desktop\lili\repo\Speed-Sep-Monitoring\src\messages\matlab_msg_gen\win64\src\object_msgs) by extensions ['ros']
[5.368s] [34mcolcon.colcon_core.package_identification[0m [30mLevel 1[0m _identify(C:\Users\laiy\Desktop\lili\repo\Speed-Sep-Monitoring\src\messages\matlab_msg_gen\win64\src\object_msgs) by extension 'ros'
[5.383s] [34mcolcon.colcon_core.package_identification[0m [30mDEBUG[0m [32mPackage 'C:\Users\laiy\Desktop\lili\repo\Speed-Sep-Monitoring\src\messages\matlab_msg_gen\win64\src\object_msgs' with type 'ros.ament_cmake' and name 'object_msgs'[0m
[5.383s] [34mcolcon.colcon_core.package_discovery[0m [30mLevel 1[0m discover_packages(recursive) using defaults
[5.571s] [34mcolcon.colcon_core.verb[0m [30mLevel 5[0m set package 'object_msgs' build argument 'cmake_args' from command line to 'None'
[5.571s] [34mcolcon.colcon_core.verb[0m [30mLevel 5[0m set package 'object_msgs' build argument 'cmake_target' from command line to 'None'
[5.571s] [34mcolcon.colcon_core.verb[0m [30mLevel 5[0m set package 'object_msgs' build argument 'cmake_target_skip_unavailable' from command line to 'False'
[5.571s] [34mcolcon.colcon_core.verb[0m [30mLevel 5[0m set package 'object_msgs' build argument 'cmake_clean_cache' from command line to 'False'
[5.571s] [34mcolcon.colcon_core.verb[0m [30mLevel 5[0m set package 'object_msgs' build argument 'cmake_clean_first' from command line to 'False'
[5.571s] [34mcolcon.colcon_core.verb[0m [30mLevel 5[0m set package 'object_msgs' build argument 'cmake_force_configure' from command line to 'False'
[5.571s] [34mcolcon.colcon_core.verb[0m [30mLevel 5[0m set package 'object_msgs' build argument 'ament_cmake_args' from command line to 'None'
[5.571s] [34mcolcon.colcon_core.verb[0m [30mLevel 5[0m set package 'object_msgs' build argument 'catkin_cmake_args' from command line to 'None'
[5.571s] [34mcolcon.colcon_core.verb[0m [30mLevel 5[0m set package 'object_msgs' build argument 'catkin_skip_building_tests' from command line to 'False'
[5.571s] [34mcolcon.colcon_core.verb[0m [30mDEBUG[0m [32mBuilding package 'object_msgs' with the following arguments: {'ament_cmake_args': None, 'build_base': 'C:\\Users\\laiy\\Desktop\\lili\\repo\\Speed-Sep-Monitoring\\src\\messages\\matlab_msg_gen\\win64\\build\\object_msgs', 'catkin_cmake_args': None, 'catkin_skip_building_tests': False, 'cmake_args': None, 'cmake_clean_cache': False, 'cmake_clean_first': False, 'cmake_force_configure': False, 'cmake_target': None, 'cmake_target_skip_unavailable': False, 'install_base': 'C:\\Users\\laiy\\Desktop\\lili\\repo\\Speed-Sep-Monitoring\\src\\messages\\matlab_msg_gen\\win64\\install', 'merge_install': True, 'path': 'C:\\Users\\laiy\\Desktop\\lili\\repo\\Speed-Sep-Monitoring\\src\\messages\\matlab_msg_gen\\win64\\src\\object_msgs', 'symlink_install': False, 'test_result_base': None}[0m
[5.649s] [34mcolcon.colcon_core.verb[0m [30mLevel 5[0m set package 'object_analytics_msgs' build argument 'cmake_args' from command line to 'None'
[5.649s] [34mcolcon.colcon_core.verb[0m [30mLevel 5[0m set package 'object_analytics_msgs' build argument 'cmake_target' from command line to 'None'
[5.649s] [34mcolcon.colcon_core.verb[0m [30mLevel 5[0m set package 'object_analytics_msgs' build argument 'cmake_target_skip_unavailable' from command line to 'False'
[5.649s] [34mcolcon.colcon_core.verb[0m [30mLevel 5[0m set package 'object_analytics_msgs' build argument 'cmake_clean_cache' from command line to 'False'
[5.649s] [34mcolcon.colcon_core.verb[0m [30mLevel 5[0m set package 'object_analytics_msgs' build argument 'cmake_clean_first' from command line to 'False'
[5.649s] [34mcolcon.colcon_core.verb[0m [30mLevel 5[0m set package 'object_analytics_msgs' build argument 'cmake_force_configure' from command line to 'False'
[5.649s] [34mcolcon.colcon_core.verb[0m [30mLevel 5[0m set package 'object_analytics_msgs' build argument 'ament_cmake_args' from command line to 'None'
[5.649s] [34mcolcon.colcon_core.verb[0m [30mLevel 5[0m set package 'object_analytics_msgs' build argument 'catkin_cmake_args' from command line to 'None'
[5.649s] [34mcolcon.colcon_core.verb[0m [30mLevel 5[0m set package 'object_analytics_msgs' build argument 'catkin_skip_building_tests' from command line to 'False'
[5.649s] [34mcolcon.colcon_core.verb[0m [30mDEBUG[0m [32mBuilding package 'object_analytics_msgs' with the following arguments: {'ament_cmake_args': None, 'build_base': 'C:\\Users\\laiy\\Desktop\\lili\\repo\\Speed-Sep-Monitoring\\src\\messages\\matlab_msg_gen\\win64\\build\\object_analytics_msgs', 'catkin_cmake_args': None, 'catkin_skip_building_tests': False, 'cmake_args': None, 'cmake_clean_cache': False, 'cmake_clean_first': False, 'cmake_force_configure': False, 'cmake_target': None, 'cmake_target_skip_unavailable': False, 'install_base': 'C:\\Users\\laiy\\Desktop\\lili\\repo\\Speed-Sep-Monitoring\\src\\messages\\matlab_msg_gen\\win64\\install', 'merge_install': True, 'path': 'C:\\Users\\laiy\\Desktop\\lili\\repo\\Speed-Sep-Monitoring\\src\\messages\\matlab_msg_gen\\win64\\src\\object_analytics_msgs', 'symlink_install': False, 'test_result_base': None}[0m
[5.836s] [34mcolcon.colcon_core.executor[0m [30mINFO[0m Executing jobs using 'parallel' executor
[5.836s] [34mcolcon.colcon_parallel_executor.executor.parallel[0m [30mDEBUG[0m [32mrun_until_complete[0m
[5.852s] [34mcolcon.colcon_ros.task.ament_cmake.build[0m [30mINFO[0m Building ROS package in 'C:\Users\laiy\Desktop\lili\repo\Speed-Sep-Monitoring\src\messages\matlab_msg_gen\win64\src\object_msgs' with build type 'ament_cmake'
[5.883s] [34mcolcon.colcon_core.plugin_system[0m [30mINFO[0m Skipping extension 'colcon_core.shell.sh': Not used on Windows systems
[5.883s] [34mcolcon.colcon_cmake.task.cmake.build[0m [30mINFO[0m Building CMake package in 'C:\Users\laiy\Desktop\lili\repo\Speed-Sep-Monitoring\src\messages\matlab_msg_gen\win64\src\object_msgs'
[5.930s] [34mcolcon.colcon_core.shell[0m [30mINFO[0m Skip shell extension 'powershell' for command environment: Not usable outside of PowerShell
[6.282s] [34mcolcon.colcon_core.event_handler.log_command[0m [30mDEBUG[0m [32mInvoking command in 'C:\Users\laiy\Desktop\lili\repo\Speed-Sep-Monitoring\src\messages\matlab_msg_gen\win64\build\object_msgs': APPDATA=%APPDATA%
asl.log=Destination=file CommonProgramFiles=%CommonProgramFiles%
CommonProgramFiles(x86)=C:\Program Files (x86)\Common Files ProgramFiles=%ProgramFiles%
ProgramFiles(x86)=C:\Program Files (x86) C:\Program Files\CMake\bin\cmake.EXE C:\Users\laiy\Desktop\lili\repo\Speed-Sep-Monitoring\src\messages\matlab_msg_gen\win64\src\object_msgs -DCMAKE_INSTALL_PREFIX=C:\Users\laiy\Desktop\lili\repo\Speed-Sep-Monitoring\src\messages\matlab_msg_gen\win64\install -G Visual Studio 15 2017 -A x64[0m
[100.872s] [34mcolcon.colcon_core.event_handler.log_command[0m [30mDEBUG[0m [32mInvoked command in 'C:\Users\laiy\Desktop\lili\repo\Speed-Sep-Monitoring\src\messages\matlab_msg_gen\win64\build\object_msgs' returned '0': APPDATA=%APPDATA%
asl.log=Destination=file CommonProgramFiles=%CommonProgramFiles%
CommonProgramFiles(x86)=C:\Program Files (x86)\Common Files ProgramFiles=%ProgramFiles%
ProgramFiles(x86)=C:\Program Files (x86) C:\Program Files\CMake\bin\cmake.EXE C:\Users\laiy\Desktop\lili\repo\Speed-Sep-Monitoring\src\messages\matlab_msg_gen\win64\src\object_msgs -DCMAKE_INSTALL_PREFIX=C:\Users\laiy\Desktop\lili\repo\Speed-Sep-Monitoring\src\messages\matlab_msg_gen\win64\install -G Visual Studio 15 2017 -A x64[0m
[100.881s] [34mcolcon.colcon_core.event_handler.log_command[0m [30mDEBUG[0m [32mInvoking command in 'C:\Users\laiy\Desktop\lili\repo\Speed-Sep-Monitoring\src\messages\matlab_msg_gen\win64\build\object_msgs': APPDATA=%APPDATA%
asl.log=Destination=file CL=/MP CommonProgramFiles=%CommonProgramFiles%
CommonProgramFiles(x86)=C:\Program Files (x86)\Common Files ProgramFiles=%ProgramFiles%
ProgramFiles(x86)=C:\Program Files (x86) C:\Program Files\CMake\bin\cmake.EXE --build C:\Users\laiy\Desktop\lili\repo\Speed-Sep-Monitoring\src\messages\matlab_msg_gen\win64\build\object_msgs --config Release[0m
[255.725s] [34mcolcon.colcon_core.event_handler.log_command[0m [30mDEBUG[0m [32mInvoked command in 'C:\Users\laiy\Desktop\lili\repo\Speed-Sep-Monitoring\src\messages\matlab_msg_gen\win64\build\object_msgs' returned '1': APPDATA=%APPDATA%
asl.log=Destination=file CL=/MP CommonProgramFiles=%CommonProgramFiles%
CommonProgramFiles(x86)=C:\Program Files (x86)\Common Files ProgramFiles=%ProgramFiles%
ProgramFiles(x86)=C:\Program Files (x86) C:\Program Files\CMake\bin\cmake.EXE --build C:\Users\laiy\Desktop\lili\repo\Speed-Sep-Monitoring\src\messages\matlab_msg_gen\win64\build\object_msgs --config Release[0m
[255.726s] [34mcolcon.colcon_parallel_executor.executor.parallel[0m [30mDEBUG[0m [32mrun_until_complete finished with '1'[0m
[255.727s] [34mcolcon.colcon_core.event_reactor[0m [30mDEBUG[0m [32mjoining thread[0m
[255.778s] [34mcolcon.colcon_core.plugin_system[0m [30mINFO[0m Skipping extension 'colcon_notification.desktop_notification.notify2': 'notify2' not found
[255.779s] [34mcolcon.colcon_core.plugin_system[0m [30mINFO[0m Skipping extension 'colcon_notification.desktop_notification.notify_send': Not used on non-Linux systems
[255.779s] [34mcolcon.colcon_core.plugin_system[0m [30mINFO[0m Skipping extension 'colcon_notification.desktop_notification.terminal_notifier': Not used on non-Darwin systems
[255.780s] [34mcolcon.colcon_notification.desktop_notification[0m [30mINFO[0m Sending desktop notification using 'win32'
[261.025s] [34mcolcon.colcon_core.event_reactor[0m [30mDEBUG[0m [32mjoined thread[0m
[261.062s] [34mcolcon.colcon_core.shell[0m [30mINFO[0m Creating prefix script 'C:\Users\laiy\Desktop\lili\repo\Speed-Sep-Monitoring\src\messages\matlab_msg_gen\win64\install\local_setup.ps1'
[261.087s] [34mcolcon.colcon_core.shell[0m [30mINFO[0m Creating prefix chain script 'C:\Users\laiy\Desktop\lili\repo\Speed-Sep-Monitoring\src\messages\matlab_msg_gen\win64\install\setup.ps1'
[261.145s] [34mcolcon.colcon_core.shell[0m [30mINFO[0m Creating prefix script 'C:\Users\laiy\Desktop\lili\repo\Speed-Sep-Monitoring\src\messages\matlab_msg_gen\win64\install\local_setup.bat'
[261.158s] [34mcolcon.colcon_core.shell[0m [30mINFO[0m Creating prefix chain script 'C:\Users\laiy\Desktop\lili\repo\Speed-Sep-Monitoring\src\messages\matlab_msg_gen\win64\install\setup.bat'
